info it worked if it ends with ok
verbose cli [ 'C:\\Program Files (x86)\\nodejs\\\\node.exe',
verbose cli   'C:\\Program Files (x86)\\nodejs\\node_modules\\npm\\bin\\npm-cli.js',
verbose cli   'install',
verbose cli   'microtime' ]
info using npm@1.1.16
info using node@v0.6.15
verbose C:\Program Files (x86)\nodejs\\node.exe node symlink
verbose config file C:\Users\idhean\.npmrc
verbose config file C:\Program Files (x86)\nodejs\etc\npmrc
verbose config file C:\Program Files (x86)\nodejs\node_modules\npm\npmrc
verbose caching H:\repos\locomotive-js\LocomotiveJS\node_modules\mongojs\package.json
verbose caching H:\repos\locomotive-js\LocomotiveJS\node_modules\paperboy\package.json
verbose caching H:\repos\locomotive-js\LocomotiveJS\node_modules\swig\package.json
verbose cache add [ 'microtime', null ]
silly cache add: name, spec, args [ undefined, 'microtime', [ 'microtime', null ] ]
verbose parsed url { pathname: 'microtime', path: 'microtime', href: 'microtime' }
verbose addNamed [ 'microtime', '' ]
verbose addNamed [ null, '' ]
silly name, range, hasData [ 'microtime', '', false ]
verbose raw, before any munging microtime
verbose url resolving [ 'https://registry.npmjs.org/', './microtime' ]
verbose url resolved https://registry.npmjs.org/microtime
http GET https://registry.npmjs.org/microtime
http 200 https://registry.npmjs.org/microtime
silly get cb [ 200,
silly get cb   { vary: 'Accept',
silly get cb     server: 'CouchDB/1.2.0 (Erlang OTP/R15B)',
silly get cb     etag: '"6HV9MX2Z9SJH1VQJJGT3GCK05"',
silly get cb     date: 'Thu, 19 Jul 2012 11:16:31 GMT',
silly get cb     'content-type': 'application/json',
silly get cb     'content-length': '10831' } ]
silly name, range, hasData 2 [ 'microtime', '', true ]
silly versions [ 'microtime',
silly versions   [ '0.1.0',
silly versions     '0.1.1',
silly versions     '0.1.2',
silly versions     '0.1.3',
silly versions     '0.1.3-1',
silly versions     '0.2.0',
silly versions     '0.3.0',
silly versions     '0.3.1' ] ]
verbose bin dist [ '0.6-ares1.7.5-DEV-evundefined-openssl0.9.8r-v83.6.6.24-win32-ia32-6.1.7601',
verbose bin dist   { shasum: '689dd3934d03bd5b52ffce91b6def9b12e339ac2',
verbose bin dist     tarball: 'http://registry.npmjs.org/microtime/-/microtime-0.3.1.tgz' } ]
verbose addRemoteTarball [ 'https://registry.npmjs.org/microtime/-/microtime-0.3.1.tgz',
verbose addRemoteTarball   '689dd3934d03bd5b52ffce91b6def9b12e339ac2' ]
verbose fetch to C:\Users\idhean\AppData\Local\Temp\npm-1342696591991\1342696591991-0.9040443275589496\tmp.tgz
http GET https://registry.npmjs.org/microtime/-/microtime-0.3.1.tgz
http 200 https://registry.npmjs.org/microtime/-/microtime-0.3.1.tgz
silly updated sha bytes 2745
info shasum 689dd3934d03bd5b52ffce91b6def9b12e339ac2
info shasum C:\Users\idhean\AppData\Local\Temp\npm-1342696591991\1342696591991-0.9040443275589496\tmp.tgz
verbose unpack C:\Users\idhean\AppData\Local\Temp\npm-1342696591991\1342696591991-0.9040443275589496\tmp.tgz
silly gunzTarPerm modes [ '755', '644' ]
silly extracting entry binding.gyp
silly extracting entry index.js
silly extracting entry LICENSE
silly extracting entry package.json
silly extracting entry README.md
silly extracting entry src/
silly extracting entry src/microtime.cc
silly extracting entry test.js
verbose has bindings.gyp [ undefined,
verbose has bindings.gyp   { file: 'C:\\Users\\idhean\\AppData\\Local\\Temp\\npm-1342696591991\\1342696591991-0.9040443275589496\\package\\package.json',
verbose has bindings.gyp     wscript: false,
verbose has bindings.gyp     gypfile: true,
verbose has bindings.gyp     contributors: false,
verbose has bindings.gyp     serverjs: false } ]
verbose caching C:\Users\idhean\AppData\Local\Temp\npm-1342696591991\1342696591991-0.9040443275589496\package\package.json
verbose loadDefaults microtime@0.3.1
verbose from cache C:\Users\idhean\AppData\Local\Temp\npm-1342696591991\1342696591991-0.9040443275589496\package\package.json
verbose tar.pack [ 'C:\\Users\\idhean\\AppData\\Roaming\\npm-cache\\microtime\\0.3.1\\package.tgz',
verbose tar.pack   'C:\\Users\\idhean\\AppData\\Local\\Temp\\npm-1342696591991\\1342696591991-0.9040443275589496\\package' ]
verbose tarball C:\Users\idhean\AppData\Roaming\npm-cache\microtime\0.3.1\package.tgz
verbose folder C:\Users\idhean\AppData\Local\Temp\npm-1342696591991\1342696591991-0.9040443275589496\package
verbose unpack C:\Users\idhean\AppData\Roaming\npm-cache\microtime\0.3.1\package.tgz
silly gunzTarPerm modes [ '755', '644' ]
silly extracting entry package.json
silly modified mode [ 'package.json', 438, 420 ]
silly extracting entry README.md
silly modified mode [ 'README.md', 438, 420 ]
silly extracting entry LICENSE
silly modified mode [ 'LICENSE', 438, 420 ]
silly extracting entry index.js
silly modified mode [ 'index.js', 438, 420 ]
silly extracting entry test.js
silly modified mode [ 'test.js', 438, 420 ]
silly extracting entry binding.gyp
silly modified mode [ 'binding.gyp', 438, 420 ]
silly extracting entry src/microtime.cc
silly modified mode [ 'src/microtime.cc', 438, 420 ]
verbose has bindings.gyp [ undefined,
verbose has bindings.gyp   { file: 'C:\\Users\\idhean\\AppData\\Roaming\\npm-cache\\microtime\\0.3.1\\package\\package.json',
verbose has bindings.gyp     wscript: false,
verbose has bindings.gyp     gypfile: true,
verbose has bindings.gyp     serverjs: false,
verbose has bindings.gyp     contributors: false } ]
verbose caching C:\Users\idhean\AppData\Roaming\npm-cache\microtime\0.3.1\package\package.json
verbose loadDefaults microtime@0.3.1
silly updated sha bytes 2683
info shasum 7ba3ba5a1061aec345dbe449cd795e039336aea2
info shasum C:\Users\idhean\AppData\Roaming\npm-cache\microtime\0.3.1\package.tgz
verbose from cache C:\Users\idhean\AppData\Roaming\npm-cache\microtime\0.3.1\package\package.json
verbose chmod C:\Users\idhean\AppData\Roaming\npm-cache\microtime\0.3.1\package.tgz 644
silly skipping chown for windows C:\Users\idhean\AppData\Roaming\npm-cache\microtime\0.3.1\package.tgz
silly resolved [ { name: 'microtime',
silly resolved     version: '0.3.1',
silly resolved     description: 'Get the current time in microseconds',
silly resolved     author: 
silly resolved      { name: 'Wade Simmons',
silly resolved        email: 'wade@wades.im',
silly resolved        url: 'http://wades.im/mons' },
silly resolved     homepage: 'https://github.com/wadey/node-microtime',
silly resolved     repository: 
silly resolved      { type: 'git',
silly resolved        url: 'git://github.com/wadey/node-microtime.git' },
silly resolved     main: './index',
silly resolved     engines: { node: '>= 0.6.0' },
silly resolved     scripts: { test: 'node test.js', install: 'node-gyp rebuild' },
silly resolved     dependencies: { bindings: '~0.3.0' },
silly resolved     _id: 'microtime@0.3.1',
silly resolved     devDependencies: {},
silly resolved     optionalDependencies: {},
silly resolved     _engineSupported: true,
silly resolved     _npmVersion: '1.1.16',
silly resolved     _nodeVersion: 'v0.6.15',
silly resolved     _defaultsLoaded: true,
silly resolved     dist: { shasum: '7ba3ba5a1061aec345dbe449cd795e039336aea2' },
silly resolved     _from: 'microtime' } ]
info into H:\repos\locomotive-js\LocomotiveJS microtime@0.3.1
info installOne microtime@0.3.1
verbose from cache C:\Users\idhean\AppData\Roaming\npm-cache\microtime\0.3.1\package\package.json
info unbuild H:\repos\locomotive-js\LocomotiveJS\node_modules\microtime
verbose unpack C:\Users\idhean\AppData\Roaming\npm-cache\microtime\0.3.1\package.tgz
silly gunzTarPerm modes [ '755', '644' ]
silly extracting entry package.json
silly modified mode [ 'package.json', 438, 420 ]
silly extracting entry README.md
silly modified mode [ 'README.md', 438, 420 ]
silly extracting entry LICENSE
silly modified mode [ 'LICENSE', 438, 420 ]
silly extracting entry index.js
silly modified mode [ 'index.js', 438, 420 ]
silly extracting entry test.js
silly modified mode [ 'test.js', 438, 420 ]
silly extracting entry binding.gyp
silly modified mode [ 'binding.gyp', 438, 420 ]
silly extracting entry src/microtime.cc
silly modified mode [ 'src/microtime.cc', 438, 420 ]
verbose has bindings.gyp [ undefined,
verbose has bindings.gyp   { file: 'H:\\repos\\locomotive-js\\LocomotiveJS\\node_modules\\microtime\\package.json',
verbose has bindings.gyp     serverjs: false,
verbose has bindings.gyp     wscript: false,
verbose has bindings.gyp     contributors: false,
verbose has bindings.gyp     gypfile: true } ]
verbose caching H:\repos\locomotive-js\LocomotiveJS\node_modules\microtime\package.json
verbose loadDefaults microtime@0.3.1
info preinstall microtime@0.3.1
verbose from cache H:\repos\locomotive-js\LocomotiveJS\node_modules\microtime\package.json
verbose readDependencies: using package.json deps
verbose from cache H:\repos\locomotive-js\LocomotiveJS\node_modules\microtime\package.json
verbose readDependencies: using package.json deps
verbose cache add [ 'bindings@~0.3.0', null ]
silly cache add: name, spec, args [ undefined, 'bindings@~0.3.0', [ 'bindings@~0.3.0', null ] ]
verbose parsed url { pathname: 'bindings@~0.3.0',
verbose parsed url   path: 'bindings@~0.3.0',
verbose parsed url   href: 'bindings@~0.3.0' }
silly cache add: name, spec, args [ 'bindings', '~0.3.0', [ 'bindings', '~0.3.0' ] ]
verbose parsed url { pathname: '~0.3.0', path: '~0.3.0', href: '~0.3.0' }
verbose addNamed [ 'bindings', '~0.3.0' ]
verbose addNamed [ null, '>=0.3.0- <0.4.0-' ]
silly name, range, hasData [ 'bindings', '>=0.3.0- <0.4.0-', false ]
verbose raw, before any munging bindings
verbose url resolving [ 'https://registry.npmjs.org/', './bindings' ]
verbose url resolved https://registry.npmjs.org/bindings
http GET https://registry.npmjs.org/bindings
http 200 https://registry.npmjs.org/bindings
silly get cb [ 200,
silly get cb   { vary: 'Accept',
silly get cb     server: 'CouchDB/1.2.0 (Erlang OTP/R15B)',
silly get cb     etag: '"69QFVSALH71QAII9H16T18L9H"',
silly get cb     date: 'Thu, 19 Jul 2012 11:16:34 GMT',
silly get cb     'content-type': 'application/json',
silly get cb     'content-length': '21646' } ]
silly name, range, hasData 2 [ 'bindings', '>=0.3.0- <0.4.0-', true ]
silly versions [ 'bindings',
silly versions   [ '0.0.1',
silly versions     '0.1.0',
silly versions     '0.1.1',
silly versions     '0.2.0',
silly versions     '0.2.1',
silly versions     '0.2.2',
silly versions     '0.2.3',
silly versions     '0.2.4',
silly versions     '0.3.0',
silly versions     '0.4.0',
silly versions     '1.0.0' ] ]
verbose bin dist [ '0.6-ares1.7.5-DEV-evundefined-openssl0.9.8r-v83.6.6.24-win32-ia32-6.1.7601',
verbose bin dist   { shasum: '2d01b7061ca312c6600c9b512404fd3ef99c06f3',
verbose bin dist     tarball: 'http://registry.npmjs.org/bindings/-/bindings-0.3.0.tgz' } ]
verbose addRemoteTarball [ 'https://registry.npmjs.org/bindings/-/bindings-0.3.0.tgz',
verbose addRemoteTarball   '2d01b7061ca312c6600c9b512404fd3ef99c06f3' ]
verbose fetch to C:\Users\idhean\AppData\Local\Temp\npm-1342696591991\1342696595005-0.4046506762970239\tmp.tgz
http GET https://registry.npmjs.org/bindings/-/bindings-0.3.0.tgz
http 200 https://registry.npmjs.org/bindings/-/bindings-0.3.0.tgz
silly updated sha bytes 3786
info shasum 2d01b7061ca312c6600c9b512404fd3ef99c06f3
info shasum C:\Users\idhean\AppData\Local\Temp\npm-1342696591991\1342696595005-0.4046506762970239\tmp.tgz
verbose unpack C:\Users\idhean\AppData\Local\Temp\npm-1342696591991\1342696595005-0.4046506762970239\tmp.tgz
silly gunzTarPerm modes [ '755', '644' ]
silly extracting entry bindings.js
silly extracting entry package.json
silly extracting entry README.md
verbose caching C:\Users\idhean\AppData\Local\Temp\npm-1342696591991\1342696595005-0.4046506762970239\package\package.json
verbose loadDefaults bindings@0.3.0
verbose from cache C:\Users\idhean\AppData\Local\Temp\npm-1342696591991\1342696595005-0.4046506762970239\package\package.json
verbose tar.pack [ 'C:\\Users\\idhean\\AppData\\Roaming\\npm-cache\\bindings\\0.3.0\\package.tgz',
verbose tar.pack   'C:\\Users\\idhean\\AppData\\Local\\Temp\\npm-1342696591991\\1342696595005-0.4046506762970239\\package' ]
verbose tarball C:\Users\idhean\AppData\Roaming\npm-cache\bindings\0.3.0\package.tgz
verbose folder C:\Users\idhean\AppData\Local\Temp\npm-1342696591991\1342696595005-0.4046506762970239\package
verbose unpack C:\Users\idhean\AppData\Roaming\npm-cache\bindings\0.3.0\package.tgz
silly gunzTarPerm modes [ '755', '644' ]
silly extracting entry package.json
silly modified mode [ 'package.json', 438, 420 ]
silly extracting entry README.md
silly modified mode [ 'README.md', 438, 420 ]
silly extracting entry bindings.js
silly modified mode [ 'bindings.js', 438, 420 ]
verbose caching C:\Users\idhean\AppData\Roaming\npm-cache\bindings\0.3.0\package\package.json
verbose loadDefaults bindings@0.3.0
silly updated sha bytes 3740
info shasum adedbd1af4b85850b276c223b00c9c7116457c15
info shasum C:\Users\idhean\AppData\Roaming\npm-cache\bindings\0.3.0\package.tgz
verbose from cache C:\Users\idhean\AppData\Roaming\npm-cache\bindings\0.3.0\package\package.json
verbose chmod C:\Users\idhean\AppData\Roaming\npm-cache\bindings\0.3.0\package.tgz 644
silly skipping chown for windows C:\Users\idhean\AppData\Roaming\npm-cache\bindings\0.3.0\package.tgz
silly resolved [ { name: 'bindings',
silly resolved     description: 'Helper module for loading your native module\'s bindings in a cross-platform way',
silly resolved     keywords: [ 'native', 'addon', 'bindings', 'gyp' ],
silly resolved     version: '0.3.0',
silly resolved     author: 
silly resolved      { name: 'Nathan Rajlich',
silly resolved        email: 'nathan@tootallnate.net',
silly resolved        url: 'http://tootallnate.net' },
silly resolved     repository: 
silly resolved      { type: 'git',
silly resolved        url: 'git://github.com/TooTallNate/node-bindings.git' },
silly resolved     main: './bindings.js',
silly resolved     engines: { node: '*' },
silly resolved     _id: 'bindings@0.3.0',
silly resolved     dependencies: {},
silly resolved     devDependencies: {},
silly resolved     optionalDependencies: {},
silly resolved     _engineSupported: true,
silly resolved     _npmVersion: '1.1.16',
silly resolved     _nodeVersion: 'v0.6.15',
silly resolved     _defaultsLoaded: true,
silly resolved     dist: { shasum: 'adedbd1af4b85850b276c223b00c9c7116457c15' },
silly resolved     _from: 'bindings@~0.3.0',
silly resolved     scripts: {} } ]
info into H:\repos\locomotive-js\LocomotiveJS\node_modules\microtime bindings@0.3.0
info installOne bindings@0.3.0
verbose from cache C:\Users\idhean\AppData\Roaming\npm-cache\bindings\0.3.0\package\package.json
info unbuild H:\repos\locomotive-js\LocomotiveJS\node_modules\microtime\node_modules\bindings
verbose unpack C:\Users\idhean\AppData\Roaming\npm-cache\bindings\0.3.0\package.tgz
silly gunzTarPerm modes [ '755', '644' ]
silly extracting entry package.json
silly modified mode [ 'package.json', 438, 420 ]
silly extracting entry README.md
silly modified mode [ 'README.md', 438, 420 ]
silly extracting entry bindings.js
silly modified mode [ 'bindings.js', 438, 420 ]
verbose caching H:\repos\locomotive-js\LocomotiveJS\node_modules\microtime\node_modules\bindings\package.json
verbose loadDefaults bindings@0.3.0
info preinstall bindings@0.3.0
verbose from cache H:\repos\locomotive-js\LocomotiveJS\node_modules\microtime\node_modules\bindings\package.json
verbose readDependencies: using package.json deps
verbose from cache H:\repos\locomotive-js\LocomotiveJS\node_modules\microtime\node_modules\bindings\package.json
verbose readDependencies: using package.json deps
silly resolved []
verbose about to build H:\repos\locomotive-js\LocomotiveJS\node_modules\microtime\node_modules\bindings
info build H:\repos\locomotive-js\LocomotiveJS\node_modules\microtime\node_modules\bindings
verbose from cache H:\repos\locomotive-js\LocomotiveJS\node_modules\microtime\node_modules\bindings\package.json
verbose linkStuff [ false,
verbose linkStuff   false,
verbose linkStuff   false,
verbose linkStuff   'H:\\repos\\locomotive-js\\LocomotiveJS\\node_modules\\microtime\\node_modules' ]
info linkStuff bindings@0.3.0
verbose linkBins bindings@0.3.0
verbose linkMans bindings@0.3.0
verbose rebuildBundles bindings@0.3.0
info install bindings@0.3.0
info postinstall bindings@0.3.0
verbose about to build H:\repos\locomotive-js\LocomotiveJS\node_modules\microtime
info build H:\repos\locomotive-js\LocomotiveJS\node_modules\microtime
verbose from cache H:\repos\locomotive-js\LocomotiveJS\node_modules\microtime\package.json
verbose linkStuff [ false,
verbose linkStuff   false,
verbose linkStuff   false,
verbose linkStuff   'H:\\repos\\locomotive-js\\LocomotiveJS\\node_modules' ]
info linkStuff microtime@0.3.1
verbose linkBins microtime@0.3.1
verbose linkMans microtime@0.3.1
verbose rebuildBundles microtime@0.3.1
verbose rebuildBundles [ 'bindings' ]
info install microtime@0.3.1
verbose unsafe-perm in lifecycle true
silly exec cmd "/c" "node-gyp rebuild"
silly spawning [ 'cmd',
silly spawning   [ '/c', 'node-gyp rebuild' ],
silly spawning   'H:\\repos\\locomotive-js\\LocomotiveJS\\node_modules\\microtime' ]
info microtime@0.3.1 Failed to exec install script
info unbuild H:\repos\locomotive-js\LocomotiveJS\node_modules\microtime
verbose from cache H:\repos\locomotive-js\LocomotiveJS\node_modules\microtime\package.json
info preuninstall microtime@0.3.1
info uninstall microtime@0.3.1
verbose unbuild microtime@0.3.1 [ true,
verbose unbuild microtime@0.3.1   'H:\\repos\\locomotive-js\\LocomotiveJS\\node_modules',
verbose unbuild microtime@0.3.1   'H:\\repos\\locomotive-js\\LocomotiveJS\\node_modules' ]
info postuninstall microtime@0.3.1
ERR! microtime@0.3.1 install: `node-gyp rebuild`
ERR! `cmd "/c" "node-gyp rebuild"` failed with 1
ERR! 
ERR! Failed at the microtime@0.3.1 install script.
ERR! This is most likely a problem with the microtime package,
ERR! not with npm itself.
ERR! Tell the author that this fails on your system:
ERR!     node-gyp rebuild
ERR! You can get their info via:
ERR!     npm owner ls microtime
ERR! There is likely additional logging output above.
ERR! 
ERR! System Windows_NT 6.1.7601
ERR! command "C:\\Program Files (x86)\\nodejs\\\\node.exe" "C:\\Program Files (x86)\\nodejs\\node_modules\\npm\\bin\\npm-cli.js" "install" "microtime"
ERR! cwd H:\repos\locomotive-js\LocomotiveJS
ERR! node -v v0.6.15
ERR! npm -v 1.1.16
ERR! code ELIFECYCLE
ERR! message microtime@0.3.1 install: `node-gyp rebuild`
ERR! message `cmd "/c" "node-gyp rebuild"` failed with 1
ERR! errno {}
verbose exit [ 1, true ]
